<?xml version="1.0" encoding="UTF-8" ?>
<testsuite tests="6" failures="2" name="TestSuite" time="78.231" errors="0" skipped="0">
  <properties>
[...]
</properties>
  <testcase classname="Tests.DepositTest" name="successfulDeposit" time="18.32">
    <failure message="expected [false] but found [true]" type="java.lang.AssertionError">java.lang.AssertionError: expected [false] but found [true]
	at org.testng.Assert.fail(Assert.java:94)
	at org.testng.Assert.failNotEquals(Assert.java:494)
	at org.testng.Assert.assertEquals(Assert.java:123)
	at org.testng.Assert.assertEquals(Assert.java:286)
	at org.testng.Assert.assertEquals(Assert.java:296)
	at Tests.DepositTest.successfulDeposit(DepositTest.java:67)
</failure>
    <system-out>Configuring TestNG with: org.apache.maven.surefire.testng.conf.TestNG652Configurator@4c75cab9
I am in onStart method Command line test
I am in onTestStart method successfulDeposit start
I am in onTestFailure method successfulDeposit failed
</system-out>
    <system-err>Starting ChromeDriver 2.41.578737 (49da6702b16031c40d63e5618de03a32ff6c197e) on port 17585
Only local connections are allowed.
Sep 12, 2018 11:54:53 AM org.openqa.selenium.remote.ProtocolHandshake createSession
INFO: Detected dialect: OSS
</system-err>
  </testcase>
  <testcase classname="Tests.LoginTest" name="invalidUsernamePassword" time="1.71"/>
  <testcase classname="Tests.LoginTest" name="invalidUsernameValidPassword" time="6.531"/>
  <testcase classname="Tests.LoginTest" name="validUsernameInvalidPassword" time="5.166"/>
  <testcase classname="Tests.LoginTest" name="validUsernamePassword" time="15.654"/>
  <testcase classname="Tests.NewCustomerTest" name="successfulCustomerAdd" time="30.85">
    <failure message="expected [false] but found [true]" type="java.lang.AssertionError">java.lang.AssertionError: expected [false] but found [true]
	at org.testng.Assert.fail(Assert.java:94)
	at org.testng.Assert.failNotEquals(Assert.java:494)
	at org.testng.Assert.assertEquals(Assert.java:123)
	at org.testng.Assert.assertEquals(Assert.java:286)
	at org.testng.Assert.assertEquals(Assert.java:296)
	at Tests.NewCustomerTest.successfulCustomerAdd(NewCustomerTest.java:82)
</failure>
    <system-out>I am in onTestStart method successfulCustomerAdd start
I am in onTestFailure method successfulCustomerAdd failed
</system-out>
    <system-err>Starting ChromeDriver 2.41.578737 (49da6702b16031c40d63e5618de03a32ff6c197e) on port 39958
Only local connections are allowed.
Sep 12, 2018 11:56:22 AM org.openqa.selenium.remote.ProtocolHandshake createSession
INFO: Detected dialect: OSS
</system-err>
  </testcase>
</testsuite>